This is pdfTeX, Version 3.14159265-2.6-1.40.18 (TeX Live 2017) (preloaded format=pdflatex 2017.5.23)  27 OCT 2017 16:39
entering extended mode
 restricted \write18 enabled.
 file:line:error style messages enabled.
 %&-line parsing enabled.
**latex8.tex
(./latex8.tex
LaTeX2e <2017-04-15>
Babel <3.10> and hyphenation patterns for 84 language(s) loaded.
(/usr/local/texlive/2017/texmf-dist/tex/latex/base/article.cls
Document Class: article 2014/09/29 v1.4h Standard LaTeX document class
(/usr/local/texlive/2017/texmf-dist/tex/latex/base/size10.clo
File: size10.clo 2014/09/29 v1.4h Standard LaTeX file (size option)
)
\c@part=\count79
\c@section=\count80
\c@subsection=\count81
\c@subsubsection=\count82
\c@paragraph=\count83
\c@subparagraph=\count84
\c@figure=\count85
\c@table=\count86
\abovecaptionskip=\skip41
\belowcaptionskip=\skip42
\bibindent=\dimen102
) (./latex8.sty
IEEE 8.5 x 11-Inch Proceedings Style `latex8.sty'.
\@ctmp=\skip43
\@figindent=\skip44
) (/usr/local/texlive/2017/texmf-dist/tex/latex/psnfss/times.sty
Package: times 2005/04/12 PSNFSS-v9.2a (SPQR) 
)
(/usr/local/texlive/2017/texmf-dist/tex/latex/graphics/graphicx.sty
Package: graphicx 2014/10/28 v1.0g Enhanced LaTeX Graphics (DPC,SPQR)

(/usr/local/texlive/2017/texmf-dist/tex/latex/graphics/keyval.sty
Package: keyval 2014/10/28 v1.15 key=value parser (DPC)
\KV@toks@=\toks14
)
(/usr/local/texlive/2017/texmf-dist/tex/latex/graphics/graphics.sty
Package: graphics 2017/04/14 v1.1b Standard LaTeX Graphics (DPC,SPQR)

(/usr/local/texlive/2017/texmf-dist/tex/latex/graphics/trig.sty
Package: trig 2016/01/03 v1.10 sin cos tan (DPC)
)
(/usr/local/texlive/2017/texmf-dist/tex/latex/graphics-cfg/graphics.cfg
File: graphics.cfg 2016/06/04 v1.11 sample graphics configuration
)
Package graphics Info: Driver file: pdftex.def on input line 99.

(/usr/local/texlive/2017/texmf-dist/tex/latex/graphics-def/pdftex.def
File: pdftex.def 2017/01/12 v0.06k Graphics/color for pdfTeX

(/usr/local/texlive/2017/texmf-dist/tex/generic/oberdiek/infwarerr.sty
Package: infwarerr 2016/05/16 v1.4 Providing info/warning/error messages (HO)
)
(/usr/local/texlive/2017/texmf-dist/tex/generic/oberdiek/ltxcmds.sty
Package: ltxcmds 2016/05/16 v1.23 LaTeX kernel commands for general use (HO)
)
\Gread@gobject=\count87
))
\Gin@req@height=\dimen103
\Gin@req@width=\dimen104
)

LaTeX Warning: Unused global option(s):
    [times].

(./latex8.aux

LaTeX Warning: Label `fig:cputemp' multiply defined.

)
\openout1 = `latex8.aux'.

LaTeX Font Info:    Checking defaults for OML/cmm/m/it on input line 23.
LaTeX Font Info:    ... okay on input line 23.
LaTeX Font Info:    Checking defaults for T1/cmr/m/n on input line 23.
LaTeX Font Info:    ... okay on input line 23.
LaTeX Font Info:    Checking defaults for OT1/cmr/m/n on input line 23.
LaTeX Font Info:    ... okay on input line 23.
LaTeX Font Info:    Checking defaults for OMS/cmsy/m/n on input line 23.
LaTeX Font Info:    ... okay on input line 23.
LaTeX Font Info:    Checking defaults for OMX/cmex/m/n on input line 23.
LaTeX Font Info:    ... okay on input line 23.
LaTeX Font Info:    Checking defaults for U/cmr/m/n on input line 23.
LaTeX Font Info:    ... okay on input line 23.
LaTeX Font Info:    Try loading font information for OT1+ptm on input line 23.
 (/usr/local/texlive/2017/texmf-dist/tex/latex/psnfss/ot1ptm.fd
File: ot1ptm.fd 2001/06/04 font definitions for OT1/ptm.
)
(/usr/local/texlive/2017/texmf-dist/tex/context/base/mkii/supp-pdf.mkii
[Loading MPS to PDF converter (version 2006.09.02).]
\scratchcounter=\count88
\scratchdimen=\dimen105
\scratchbox=\box26
\nofMPsegments=\count89
\nofMParguments=\count90
\everyMPshowfont=\toks15
\MPscratchCnt=\count91
\MPscratchDim=\dimen106
\MPnumerator=\count92
\makeMPintoPDFobject=\count93
\everyMPtoPDFconversion=\toks16
) (/usr/local/texlive/2017/texmf-dist/tex/generic/oberdiek/pdftexcmds.sty
Package: pdftexcmds 2017/03/19 v0.25 Utility functions of pdfTeX for LuaTeX (HO
)

(/usr/local/texlive/2017/texmf-dist/tex/generic/oberdiek/ifluatex.sty
Package: ifluatex 2016/05/16 v1.4 Provides the ifluatex switch (HO)
Package ifluatex Info: LuaTeX not detected.
)
(/usr/local/texlive/2017/texmf-dist/tex/generic/oberdiek/ifpdf.sty
Package: ifpdf 2017/03/15 v3.2 Provides the ifpdf switch
)
Package pdftexcmds Info: LuaTeX not detected.
Package pdftexcmds Info: \pdf@primitive is available.
Package pdftexcmds Info: \pdf@ifprimitive is available.
Package pdftexcmds Info: \pdfdraftmode found.
)
(/usr/local/texlive/2017/texmf-dist/tex/latex/oberdiek/epstopdf-base.sty
Package: epstopdf-base 2016/05/15 v2.6 Base part for package epstopdf

(/usr/local/texlive/2017/texmf-dist/tex/latex/oberdiek/grfext.sty
Package: grfext 2016/05/16 v1.2 Manage graphics extensions (HO)

(/usr/local/texlive/2017/texmf-dist/tex/generic/oberdiek/kvdefinekeys.sty
Package: kvdefinekeys 2016/05/16 v1.4 Define keys (HO)
))
(/usr/local/texlive/2017/texmf-dist/tex/latex/oberdiek/kvoptions.sty
Package: kvoptions 2016/05/16 v3.12 Key value format for package options (HO)

(/usr/local/texlive/2017/texmf-dist/tex/generic/oberdiek/kvsetkeys.sty
Package: kvsetkeys 2016/05/16 v1.17 Key value parser (HO)

(/usr/local/texlive/2017/texmf-dist/tex/generic/oberdiek/etexcmds.sty
Package: etexcmds 2016/05/16 v1.6 Avoid name clashes with e-TeX commands (HO)
Package etexcmds Info: Could not find \expanded.
(etexcmds)             That can mean that you are not using pdfTeX 1.50 or
(etexcmds)             that some package has redefined \expanded.
(etexcmds)             In the latter case, load this package earlier.
)))
Package epstopdf-base Info: Redefining graphics rule for `.eps' on input line 4
38.
Package grfext Info: Graphics extension search list:
(grfext)             [.png,.pdf,.jpg,.mps,.jpeg,.jbig2,.jb2,.PNG,.PDF,.JPG,.JPE
G,.JBIG2,.JB2,.eps]
(grfext)             \AppendGraphicsExtensions on input line 456.

(/usr/local/texlive/2017/texmf-dist/tex/latex/latexconfig/epstopdf-sys.cfg
File: epstopdf-sys.cfg 2010/07/13 v1.3 Configuration of (r)epstopdf for TeX Liv
e
))
LaTeX Font Info:    Font shape `OT1/ptm/bx/n' in size <14.4> not available
(Font)              Font shape `OT1/ptm/b/n' tried instead on input line 30.
LaTeX Font Info:    External font `cmex10' loaded for size
(Font)              <12> on input line 30.
LaTeX Font Info:    External font `cmex10' loaded for size
(Font)              <8> on input line 30.
LaTeX Font Info:    External font `cmex10' loaded for size
(Font)              <6> on input line 30.
LaTeX Font Info:    Try loading font information for OMS+ptm on input line 30.

(/usr/local/texlive/2017/texmf-dist/tex/latex/psnfss/omsptm.fd
File: omsptm.fd 
)
LaTeX Font Info:    Font shape `OMS/ptm/m/n' in size <12> not available
(Font)              Font shape `OMS/cmsy/m/n' tried instead on input line 30.
LaTeX Font Info:    Font shape `OT1/ptm/bx/n' in size <12> not available
(Font)              Font shape `OT1/ptm/b/n' tried instead on input line 33.

(./introduction.tex) (./relatedwork.tex) [1{/usr/local/texlive/2017/texmf-var/f
onts/map/pdftex/updmap/pdftex.map}


] (./methodology.tex) (./objectives.tex)
(./gpu.tex
LaTeX Font Info:    Font shape `OT1/ptm/bx/n' in size <10> not available
(Font)              Font shape `OT1/ptm/b/n' tried instead on input line 5.
LaTeX Font Info:    External font `cmex10' loaded for size
(Font)              <7> on input line 12.
LaTeX Font Info:    External font `cmex10' loaded for size
(Font)              <5> on input line 12.

Overfull \hbox (8.90247pt too wide) in paragraph at lines 12--20
 [] 
 []

<power_profile.png, id=10, 592.46344pt x 302.63063pt>
File: power_profile.png Graphic file (type png)
 <use power_profile.png>
Package pdftex.def Info: power_profile.png used on input line 32.
(pdftex.def)             Requested size: 248.42812pt x 126.8962pt.

Overfull \hbox (11.29218pt too wide) in paragraph at lines 32--33
 [][] 
 []


LaTeX Warning: `h' float specifier changed to `ht'.

<latency_profile.png, id=11, 591.71063pt x 299.61937pt>
File: latency_profile.png Graphic file (type png)

<use latency_profile.png>
Package pdftex.def Info: latency_profile.png used on input line 38.
(pdftex.def)             Requested size: 248.42812pt x 125.79355pt.

Overfull \hbox (11.29218pt too wide) in paragraph at lines 38--39
 [][] 
 []


LaTeX Warning: `h' float specifier changed to `ht'.

[2] <benchmark_compare.png, id=16, 599.23875pt x 255.95625pt>
File: benchmark_compare.png Graphic file (type png)

<use benchmark_compare.png>
Package pdftex.def Info: benchmark_compare.png used on input line 48.
(pdftex.def)             Requested size: 248.42812pt x 106.1105pt.

Overfull \hbox (11.29218pt too wide) in paragraph at lines 48--49
 [][] 
 []


Underfull \hbox (badness 2680) in paragraph at lines 49--49
\tenhv of la-tency, power con-sump-tion, mem-ory
 []


Underfull \hbox (badness 1331) in paragraph at lines 49--49
\tenhv nor-mal-ized to AlexNet. We fix the volt-
 []

) (./cpu.tex
Underfull \hbox (badness 10000) in paragraph at lines 6--7
 \OT1/ptm/b/n/10 Bench-marks[] \OT1/ptm/m/n/10 We choose memory-intensive (jpeg
),
 []


Underfull \hbox (badness 2020) in paragraph at lines 9--9
[]\tenhv Figure 4. Char-ac-ter-is-tics of cho-sen CPU
 []

<cpubench.png, id=17, 1003.75pt x 518.93875pt>
File: cpubench.png Graphic file (type png)
 <use cpubench.png>
Package pdftex.def Info: cpubench.png used on input line 11.
(pdftex.def)             Requested size: 248.42812pt x 128.43576pt.

Overfull \hbox (11.29218pt too wide) in paragraph at lines 11--12
 [][] 
 []

<cpupower.png, id=19, 534.99875pt x 324.21124pt>
File: cpupower.png Graphic file (type png)
 <use cpupower.png>
Package pdftex.def Info: cpupower.png used on input line 23.
(pdftex.def)             Requested size: 248.42812pt x 150.54889pt.

Overfull \hbox (11.29218pt too wide) in paragraph at lines 23--24
 [][] 
 []


LaTeX Warning: `h' float specifier changed to `ht'.

[3 <./power_profile.png (PNG copy)> <./latency_profile.png (PNG copy)> <./bench
mark_compare.png (PNG copy)>] <cputemp.png, id=23, 526.96875pt x 345.29pt>
File: cputemp.png Graphic file (type png)

<use cputemp.png>
Package pdftex.def Info: cputemp.png used on input line 35.
(pdftex.def)             Requested size: 248.42812pt x 162.78157pt.

Overfull \hbox (11.29218pt too wide) in paragraph at lines 35--36
 [][] 
 []

<cpuipc.png, id=24, 783.92876pt x 328.22626pt>
File: cpuipc.png Graphic file (type png)
 <use cpuipc.png>
Package pdftex.def Info: cpuipc.png used on input line 42.
(pdftex.def)             Requested size: 248.42812pt x 104.01285pt.

Overfull \hbox (11.29218pt too wide) in paragraph at lines 42--43
 [][] 
 []

) (./timeline.tex [4 <./cpubench.png> <./cpupower.png> <./cputemp.png> <./cpuip
c.png>]) (./conclusion.tex) (./latex8.bbl
Underfull \hbox (badness 10000) in paragraph at lines 3--1
\OT1/ptm/m/it/10 https://github.com/afinci/18-743-Power-and-Performance-
 []

) [5] (./latex8.aux)

LaTeX Warning: There were multiply-defined labels.

 ) 
Here is how much of TeX's memory you used:
 1663 strings out of 492995
 24066 string characters out of 6132704
 89681 words of memory out of 5000000
 5169 multiletter control sequences out of 15000+600000
 21825 words of font info for 43 fonts, out of 8000000 for 9000
 1141 hyphenation exceptions out of 8191
 39i,8n,25p,1154b,290s stack positions out of 5000i,500n,10000p,200000b,80000s
{/usr/local/texlive/2017/texmf-dist/fonts/enc/dvips/base/8r.enc}</usr/local/t
exlive/2017/texmf-dist/fonts/type1/public/amsfonts/cm/cmsy10.pfb></usr/local/te
xlive/2017/texmf-dist/fonts/type1/urw/helvetic/uhvb8a.pfb></usr/local/texlive/2
017/texmf-dist/fonts/type1/urw/times/utmb8a.pfb></usr/local/texlive/2017/texmf-
dist/fonts/type1/urw/times/utmr8a.pfb></usr/local/texlive/2017/texmf-dist/fonts
/type1/urw/times/utmri8a.pfb>
Output written on latex8.pdf (5 pages, 687273 bytes).
PDF statistics:
 53 PDF objects out of 1000 (max. 8388607)
 29 compressed objects within 1 object stream
 0 named destinations out of 1000 (max. 500000)
 36 words of extra memory for PDF output out of 10000 (max. 10000000)

